TN:
SF:src\app.ts
FNF:0
FNH:0
DA:1,2
DA:2,2
DA:3,2
DA:4,2
DA:5,2
DA:6,2
DA:8,2
DA:10,2
DA:11,2
DA:12,2
DA:16,2
DA:18,2
DA:26,2
DA:31,2
DA:35,2
DA:37,2
LF:16
LH:16
BRDA:19,0,0,2
BRDA:19,0,1,0
BRF:2
BRH:1
end_of_record
TN:
SF:src\Controllers\appointmentController.ts
FN:22,(anonymous_1)
FN:76,(anonymous_2)
FN:161,(anonymous_3)
FNF:3
FNH:0
FNDA:0,(anonymous_1)
FNDA:0,(anonymous_2)
FNDA:0,(anonymous_3)
DA:1,2
DA:2,2
DA:3,2
DA:4,2
DA:5,2
DA:6,2
DA:7,2
DA:8,2
DA:10,2
DA:22,2
DA:24,0
DA:26,0
DA:27,0
DA:28,0
DA:29,0
DA:32,0
DA:37,0
DA:38,0
DA:41,0
DA:43,0
DA:44,0
DA:47,0
DA:48,0
DA:51,0
DA:56,0
DA:59,0
DA:76,2
DA:85,0
DA:87,0
DA:88,0
DA:91,0
DA:92,0
DA:93,0
DA:96,0
DA:97,0
DA:98,0
DA:101,0
DA:102,0
DA:103,0
DA:106,0
DA:107,0
DA:110,0
DA:111,0
DA:113,0
DA:114,0
DA:117,0
DA:118,0
DA:121,0
DA:122,0
DA:123,0
DA:126,0
DA:127,0
DA:138,0
DA:142,0
DA:161,2
DA:163,0
DA:164,0
DA:166,0
DA:167,0
DA:170,0
DA:171,0
DA:177,0
DA:178,0
DA:181,0
DA:182,0
DA:183,0
DA:186,0
DA:187,0
DA:188,0
DA:189,0
DA:192,0
DA:193,0
DA:197,0
DA:201,2
LF:74
LH:13
BRDA:28,0,0,0
BRDA:37,1,0,0
BRDA:37,2,0,0
BRDA:37,2,1,0
BRDA:43,3,0,0
BRDA:47,4,0,0
BRDA:87,5,0,0
BRDA:87,6,0,0
BRDA:87,6,1,0
BRDA:87,6,2,0
BRDA:87,6,3,0
BRDA:87,6,4,0
BRDA:87,6,5,0
BRDA:92,7,0,0
BRDA:97,8,0,0
BRDA:102,9,0,0
BRDA:106,10,0,0
BRDA:113,11,0,0
BRDA:113,12,0,0
BRDA:113,12,1,0
BRDA:117,13,0,0
BRDA:122,14,0,0
BRDA:122,15,0,0
BRDA:122,15,1,0
BRDA:166,16,0,0
BRDA:166,17,0,0
BRDA:166,17,1,0
BRDA:177,18,0,0
BRDA:182,19,0,0
BRDA:188,20,0,0
BRDA:188,21,0,0
BRDA:188,21,1,0
BRF:32
BRH:0
end_of_record
TN:
SF:src\Controllers\healthcareController.ts
FN:16,(anonymous_1)
FN:52,(anonymous_2)
FN:101,(anonymous_3)
FN:144,(anonymous_4)
FN:158,(anonymous_5)
FNF:5
FNH:3
FNDA:5,(anonymous_1)
FNDA:0,(anonymous_2)
FNDA:5,(anonymous_3)
FNDA:2,(anonymous_4)
FNDA:0,(anonymous_5)
DA:1,2
DA:2,2
DA:3,2
DA:4,2
DA:6,2
DA:16,2
DA:17,5
DA:18,5
DA:19,5
DA:21,5
DA:22,1
DA:25,4
DA:26,3
DA:27,1
DA:30,2
DA:31,2
DA:32,1
DA:35,1
DA:40,1
DA:42,1
DA:43,1
DA:52,2
DA:53,0
DA:54,0
DA:56,0
DA:57,0
DA:60,0
DA:61,0
DA:63,0
DA:64,0
DA:67,0
DA:74,0
DA:75,0
DA:78,0
DA:80,0
DA:81,0
DA:101,2
DA:102,5
DA:104,5
DA:105,2
DA:108,3
DA:109,0
DA:112,3
DA:113,3
DA:114,2
DA:115,1
DA:118,1
DA:126,1
DA:131,1
DA:144,2
DA:145,2
DA:146,2
DA:147,1
DA:149,1
DA:158,2
DA:160,0
DA:162,0
DA:163,0
DA:168,0
DA:169,0
DA:172,0
DA:174,0
DA:175,0
DA:180,2
LF:64
LH:41
BRDA:21,0,0,1
BRDA:21,1,0,5
BRDA:21,1,1,5
BRDA:26,2,0,1
BRDA:31,3,0,1
BRDA:56,4,0,0
BRDA:63,5,0,0
BRDA:74,6,0,0
BRDA:104,7,0,2
BRDA:104,8,0,5
BRDA:104,8,1,3
BRDA:104,8,2,3
BRDA:108,9,0,0
BRDA:108,10,0,3
BRDA:108,10,1,3
BRDA:114,11,0,1
BRDA:120,12,0,1
BRDA:120,12,1,1
BRDA:168,13,0,0
BRF:19
BRH:14
end_of_record
TN:
SF:src\Controllers\qrcodeController.ts
FN:11,(anonymous_1)
FN:64,(anonymous_2)
FNF:2
FNH:0
FNDA:0,(anonymous_1)
FNDA:0,(anonymous_2)
DA:5,2
DA:6,2
DA:7,2
DA:9,2
DA:11,2
DA:12,0
DA:14,0
DA:25,0
DA:28,0
DA:30,0
DA:51,0
DA:52,0
DA:64,2
DA:65,0
DA:68,2
LF:15
LH:7
BRF:0
BRH:0
end_of_record
TN:
SF:src\Controllers\registerController.ts
FN:16,(anonymous_1)
FN:57,(anonymous_2)
FN:115,(anonymous_3)
FN:183,(anonymous_4)
FNF:4
FNH:3
FNDA:0,(anonymous_1)
FNDA:5,(anonymous_2)
FNDA:5,(anonymous_3)
FNDA:6,(anonymous_4)
DA:1,2
DA:2,2
DA:3,2
DA:4,2
DA:5,2
DA:6,2
DA:7,2
DA:9,2
DA:16,2
DA:17,0
DA:19,0
DA:20,0
DA:23,0
DA:24,0
DA:28,0
DA:29,0
DA:32,0
DA:35,0
DA:57,2
DA:58,5
DA:59,5
DA:60,5
DA:61,5
DA:63,5
DA:64,1
DA:67,4
DA:68,3
DA:69,1
DA:72,2
DA:73,2
DA:74,1
DA:77,1
DA:87,1
DA:91,1
DA:115,2
DA:116,5
DA:117,5
DA:118,5
DA:120,5
DA:121,1
DA:125,4
DA:127,3
DA:128,1
DA:132,2
DA:133,2
DA:134,1
DA:137,1
DA:148,1
DA:149,1
DA:150,1
DA:151,1
DA:152,1
DA:155,1
DA:162,1
DA:183,2
DA:184,6
DA:185,6
DA:186,6
DA:188,6
DA:189,2
DA:192,4
DA:193,0
DA:197,4
DA:198,3
DA:199,1
DA:202,2
DA:203,2
DA:204,1
DA:207,1
DA:217,1
DA:218,1
DA:219,1
DA:220,1
DA:221,1
DA:224,1
DA:231,1
DA:232,1
DA:236,2
LF:78
LH:68
BRDA:19,0,0,0
BRDA:28,1,0,0
BRDA:63,2,0,1
BRDA:63,3,0,5
BRDA:63,3,1,4
BRDA:63,3,2,4
BRDA:68,4,0,1
BRDA:73,5,0,1
BRDA:120,6,0,1
BRDA:120,7,0,5
BRDA:120,7,1,5
BRDA:120,7,2,5
BRDA:120,7,3,5
BRDA:127,8,0,1
BRDA:133,9,0,1
BRDA:141,10,0,1
BRDA:141,10,1,0
BRDA:148,11,0,0
BRDA:148,11,1,1
BRDA:149,12,0,1
BRDA:188,13,0,2
BRDA:188,14,0,6
BRDA:188,14,1,5
BRDA:188,14,2,5
BRDA:192,15,0,0
BRDA:198,16,0,1
BRDA:203,17,0,1
BRDA:217,18,0,0
BRDA:217,18,1,1
BRDA:218,19,0,1
BRF:30
BRH:24
end_of_record
TN:
SF:src\Controllers\structureController.ts
FN:11,(anonymous_1)
FNF:1
FNH:0
FNDA:0,(anonymous_1)
DA:1,2
DA:2,2
DA:4,2
DA:11,2
DA:12,0
DA:13,0
DA:14,0
DA:16,0
DA:17,0
DA:21,2
LF:10
LH:5
BRF:0
BRH:0
end_of_record
TN:
SF:src\Controllers\base\baseController.ts
FNF:0
FNH:0
DA:1,2
DA:2,2
DA:3,2
DA:4,2
DA:5,2
DA:6,2
DA:8,2
DA:10,2
DA:11,2
DA:12,2
DA:13,2
DA:14,2
DA:16,2
LF:13
LH:13
BRF:0
BRH:0
end_of_record
TN:
SF:src\config\database.ts
FNF:0
FNH:0
DA:2,8
DA:3,8
DA:5,8
DA:7,8
DA:8,8
DA:9,8
DA:11,8
DA:17,8
LF:8
LH:8
BRDA:7,0,0,8
BRDA:7,0,1,0
BRDA:8,1,0,8
BRDA:8,1,1,0
BRDA:9,2,0,8
BRDA:9,2,1,0
BRF:6
BRH:3
end_of_record
TN:
SF:src\helpers\controllers\registerHelper.ts
FN:3,joinRoles
FNF:1
FNH:1
FNDA:1,joinRoles
DA:3,2
DA:4,1
LF:2
LH:2
BRF:0
BRH:0
end_of_record
TN:
SF:src\models\Appointment.ts
FNF:0
FNH:0
DA:1,2
DA:2,2
DA:3,2
DA:19,2
DA:72,2
LF:5
LH:5
BRF:0
BRH:0
end_of_record
TN:
SF:src\models\HealthcareAct.ts
FNF:0
FNH:0
DA:1,2
DA:2,2
DA:20,2
DA:55,2
LF:4
LH:4
BRF:0
BRH:0
end_of_record
TN:
SF:src\models\HealthcareProfessional.ts
FNF:0
FNH:0
DA:1,2
DA:2,2
DA:4,2
DA:18,2
DA:57,2
LF:5
LH:5
BRF:0
BRH:0
end_of_record
TN:
SF:src\models\HealthcareProfessionalHealthcareAct.ts
FNF:0
FNH:0
DA:1,2
DA:2,2
DA:6,2
DA:34,2
LF:4
LH:4
BRF:0
BRH:0
end_of_record
TN:
SF:src\models\Patient.ts
FNF:0
FNH:0
DA:1,2
DA:2,2
DA:13,2
DA:57,2
LF:4
LH:4
BRF:0
BRH:0
end_of_record
TN:
SF:src\models\Structure.ts
FNF:0
FNH:0
DA:1,2
DA:2,2
DA:4,2
DA:10,2
LF:4
LH:4
BRF:0
BRH:0
end_of_record
TN:
SF:src\models\User.ts
FNF:0
FNH:0
DA:1,2
DA:2,2
DA:6,2
DA:17,2
LF:4
LH:4
BRF:0
BRH:0
end_of_record
TN:
SF:src\resources\emuns\appointmentsStatus.ts
FN:1,(anonymous_0)
FNF:1
FNH:1
FNDA:2,(anonymous_0)
DA:1,2
DA:2,2
DA:3,2
DA:4,2
LF:4
LH:4
BRDA:1,0,0,2
BRDA:1,0,1,2
BRF:2
BRH:2
end_of_record
TN:
SF:src\resources\emuns\rolesEnum.ts
FN:1,(anonymous_0)
FNF:1
FNH:1
FNDA:2,(anonymous_0)
DA:1,2
DA:2,2
DA:3,2
DA:4,2
DA:5,2
LF:5
LH:5
BRDA:1,0,0,2
BRDA:1,0,1,2
BRF:2
BRH:2
end_of_record
TN:
SF:src\resources\emuns\speciality.ts
FN:1,(anonymous_0)
FNF:1
FNH:1
FNDA:4,(anonymous_0)
DA:1,4
DA:2,4
LF:2
LH:2
BRDA:1,0,0,4
BRDA:1,0,1,4
BRF:2
BRH:2
end_of_record
