TN:
SF:src\app.ts
FNF:0
FNH:0
DA:1,2
DA:2,2
DA:3,2
DA:4,2
DA:5,2
DA:6,2
DA:8,2
DA:10,2
DA:11,2
DA:12,2
DA:16,2
DA:18,2
DA:26,2
DA:31,2
DA:35,2
DA:37,2
LF:16
LH:16
BRDA:19,0,0,2
BRDA:19,0,1,0
BRF:2
BRH:1
end_of_record
TN:
SF:src\Controllers\appointmentController.ts
FN:22,(anonymous_1)
FN:75,(anonymous_2)
FN:160,(anonymous_3)
FNF:3
FNH:0
FNDA:0,(anonymous_1)
FNDA:0,(anonymous_2)
FNDA:0,(anonymous_3)
DA:1,2
DA:2,2
DA:3,2
DA:4,2
DA:5,2
DA:6,2
DA:7,2
DA:8,2
DA:10,2
DA:22,2
DA:24,0
DA:26,0
DA:27,0
DA:28,0
DA:29,0
DA:32,0
DA:37,0
DA:38,0
DA:41,0
DA:43,0
DA:44,0
DA:47,0
DA:48,0
DA:51,0
DA:56,0
DA:59,0
DA:75,2
DA:84,0
DA:86,0
DA:87,0
DA:90,0
DA:91,0
DA:92,0
DA:95,0
DA:96,0
DA:97,0
DA:100,0
DA:101,0
DA:102,0
DA:105,0
DA:106,0
DA:109,0
DA:110,0
DA:112,0
DA:113,0
DA:116,0
DA:117,0
DA:120,0
DA:121,0
DA:122,0
DA:125,0
DA:126,0
DA:137,0
DA:141,0
DA:160,2
DA:162,0
DA:163,0
DA:165,0
DA:166,0
DA:169,0
DA:170,0
DA:176,0
DA:177,0
DA:180,0
DA:181,0
DA:182,0
DA:185,0
DA:186,0
DA:187,0
DA:188,0
DA:191,0
DA:192,0
DA:196,0
DA:200,2
LF:74
LH:13
BRDA:28,0,0,0
BRDA:37,1,0,0
BRDA:37,2,0,0
BRDA:37,2,1,0
BRDA:43,3,0,0
BRDA:47,4,0,0
BRDA:86,5,0,0
BRDA:86,6,0,0
BRDA:86,6,1,0
BRDA:86,6,2,0
BRDA:86,6,3,0
BRDA:86,6,4,0
BRDA:86,6,5,0
BRDA:91,7,0,0
BRDA:96,8,0,0
BRDA:101,9,0,0
BRDA:105,10,0,0
BRDA:112,11,0,0
BRDA:112,12,0,0
BRDA:112,12,1,0
BRDA:116,13,0,0
BRDA:121,14,0,0
BRDA:121,15,0,0
BRDA:121,15,1,0
BRDA:165,16,0,0
BRDA:165,17,0,0
BRDA:165,17,1,0
BRDA:176,18,0,0
BRDA:181,19,0,0
BRDA:187,20,0,0
BRDA:187,21,0,0
BRDA:187,21,1,0
BRF:32
BRH:0
end_of_record
TN:
SF:src\Controllers\healthcareController.ts
FN:16,(anonymous_1)
FN:65,(anonymous_2)
FN:108,(anonymous_3)
FNF:3
FNH:3
FNDA:6,(anonymous_1)
FNDA:5,(anonymous_2)
FNDA:2,(anonymous_3)
DA:1,2
DA:2,2
DA:3,2
DA:4,2
DA:6,2
DA:16,2
DA:17,6
DA:19,6
DA:21,6
DA:22,2
DA:25,4
DA:26,3
DA:27,1
DA:30,2
DA:31,2
DA:32,1
DA:36,1
DA:41,1
DA:45,1
DA:65,2
DA:66,5
DA:68,5
DA:69,2
DA:72,3
DA:73,0
DA:76,3
DA:77,3
DA:78,2
DA:79,1
DA:82,1
DA:90,1
DA:95,1
DA:108,2
DA:109,2
DA:110,2
DA:111,1
DA:113,1
DA:117,2
LF:38
LH:37
BRDA:21,0,0,2
BRDA:21,1,0,6
BRDA:21,1,1,5
BRDA:26,2,0,1
BRDA:31,3,0,1
BRDA:68,4,0,2
BRDA:68,5,0,5
BRDA:68,5,1,3
BRDA:68,5,2,3
BRDA:72,6,0,0
BRDA:72,7,0,3
BRDA:72,7,1,3
BRDA:78,8,0,1
BRDA:84,9,0,1
BRDA:84,9,1,1
BRF:15
BRH:14
end_of_record
TN:
SF:src\Controllers\qrcodeController.ts
FN:11,(anonymous_1)
FN:64,(anonymous_2)
FNF:2
FNH:0
FNDA:0,(anonymous_1)
FNDA:0,(anonymous_2)
DA:5,2
DA:6,2
DA:7,2
DA:9,2
DA:11,2
DA:12,0
DA:14,0
DA:25,0
DA:28,0
DA:30,0
DA:51,0
DA:52,0
DA:64,2
DA:65,0
DA:68,2
LF:15
LH:7
BRF:0
BRH:0
end_of_record
TN:
SF:src\Controllers\registerController.ts
FN:16,(anonymous_1)
FN:55,(anonymous_2)
FN:113,(anonymous_3)
FN:173,(anonymous_4)
FNF:4
FNH:3
FNDA:0,(anonymous_1)
FNDA:5,(anonymous_2)
FNDA:5,(anonymous_3)
FNDA:6,(anonymous_4)
DA:1,2
DA:2,2
DA:3,2
DA:4,2
DA:5,2
DA:6,2
DA:7,2
DA:9,2
DA:16,2
DA:17,0
DA:19,0
DA:20,0
DA:23,0
DA:24,0
DA:26,0
DA:27,0
DA:30,0
DA:33,0
DA:55,2
DA:56,5
DA:57,5
DA:58,5
DA:59,5
DA:61,5
DA:62,1
DA:65,4
DA:66,3
DA:67,1
DA:70,2
DA:71,2
DA:72,1
DA:75,1
DA:85,1
DA:89,1
DA:113,2
DA:114,5
DA:115,5
DA:116,5
DA:118,5
DA:119,1
DA:123,4
DA:125,3
DA:126,1
DA:130,2
DA:131,2
DA:132,1
DA:135,1
DA:145,1
DA:152,1
DA:173,2
DA:174,6
DA:175,6
DA:176,6
DA:178,6
DA:179,2
DA:182,4
DA:183,0
DA:187,4
DA:188,3
DA:189,1
DA:192,2
DA:193,2
DA:194,1
DA:197,1
DA:206,1
DA:213,1
DA:217,2
LF:67
LH:57
BRDA:19,0,0,0
BRDA:26,1,0,0
BRDA:61,2,0,1
BRDA:61,3,0,5
BRDA:61,3,1,4
BRDA:61,3,2,4
BRDA:66,4,0,1
BRDA:71,5,0,1
BRDA:118,6,0,1
BRDA:118,7,0,5
BRDA:118,7,1,5
BRDA:118,7,2,5
BRDA:118,7,3,5
BRDA:125,8,0,1
BRDA:131,9,0,1
BRDA:139,10,0,1
BRDA:139,10,1,0
BRDA:178,11,0,2
BRDA:178,12,0,6
BRDA:178,12,1,5
BRDA:178,12,2,5
BRDA:182,13,0,0
BRDA:188,14,0,1
BRDA:193,15,0,1
BRF:24
BRH:20
end_of_record
TN:
SF:src\Controllers\structureController.ts
FN:10,(anonymous_1)
FNF:1
FNH:0
FNDA:0,(anonymous_1)
DA:1,2
DA:2,2
DA:4,2
DA:10,2
DA:11,0
DA:12,0
DA:13,0
DA:15,0
DA:16,0
DA:20,2
LF:10
LH:5
BRF:0
BRH:0
end_of_record
TN:
SF:src\Controllers\base\baseController.ts
FNF:0
FNH:0
DA:1,2
DA:2,2
DA:3,2
DA:4,2
DA:5,2
DA:6,2
DA:8,2
DA:10,2
DA:11,2
DA:12,2
DA:13,2
DA:14,2
DA:16,2
LF:13
LH:13
BRF:0
BRH:0
end_of_record
TN:
SF:src\config\database.ts
FNF:0
FNH:0
DA:2,8
DA:3,8
DA:5,8
DA:7,8
DA:8,8
DA:9,8
DA:11,8
DA:17,8
LF:8
LH:8
BRDA:7,0,0,8
BRDA:7,0,1,0
BRDA:8,1,0,8
BRDA:8,1,1,0
BRDA:9,2,0,8
BRDA:9,2,1,0
BRF:6
BRH:3
end_of_record
TN:
SF:src\helpers\controllers\registerHelper.ts
FN:3,joinRoles
FNF:1
FNH:1
FNDA:1,joinRoles
DA:3,2
DA:4,1
LF:2
LH:2
BRF:0
BRH:0
end_of_record
TN:
SF:src\models\Appointment.ts
FNF:0
FNH:0
DA:1,2
DA:2,2
DA:3,2
DA:19,2
DA:72,2
LF:5
LH:5
BRF:0
BRH:0
end_of_record
TN:
SF:src\models\HealthcareAct.ts
FNF:0
FNH:0
DA:1,2
DA:2,2
DA:20,2
DA:55,2
LF:4
LH:4
BRF:0
BRH:0
end_of_record
TN:
SF:src\models\HealthcareProfessional.ts
FNF:0
FNH:0
DA:1,2
DA:2,2
DA:4,2
DA:18,2
DA:57,2
LF:5
LH:5
BRF:0
BRH:0
end_of_record
TN:
SF:src\models\HealthcareProfessionalHealthcareAct.ts
FNF:0
FNH:0
DA:1,2
DA:2,2
DA:6,2
DA:34,2
LF:4
LH:4
BRF:0
BRH:0
end_of_record
TN:
SF:src\models\Patient.ts
FNF:0
FNH:0
DA:1,2
DA:2,2
DA:13,2
DA:57,2
LF:4
LH:4
BRF:0
BRH:0
end_of_record
TN:
SF:src\models\Structure.ts
FNF:0
FNH:0
DA:1,2
DA:2,2
DA:4,2
DA:10,2
LF:4
LH:4
BRF:0
BRH:0
end_of_record
TN:
SF:src\models\User.ts
FNF:0
FNH:0
DA:1,2
DA:2,2
DA:5,2
DA:14,2
LF:4
LH:4
BRF:0
BRH:0
end_of_record
TN:
SF:src\resources\emuns\appointmentsStatus.ts
FN:1,(anonymous_0)
FNF:1
FNH:1
FNDA:2,(anonymous_0)
DA:1,2
DA:2,2
DA:3,2
DA:4,2
LF:4
LH:4
BRDA:1,0,0,2
BRDA:1,0,1,2
BRF:2
BRH:2
end_of_record
TN:
SF:src\resources\emuns\rolesEnum.ts
FN:1,(anonymous_0)
FNF:1
FNH:1
FNDA:2,(anonymous_0)
DA:1,2
DA:2,2
DA:3,2
LF:3
LH:3
BRDA:1,0,0,2
BRDA:1,0,1,2
BRF:2
BRH:2
end_of_record
TN:
SF:src\resources\emuns\speciality.ts
FN:1,(anonymous_0)
FNF:1
FNH:1
FNDA:4,(anonymous_0)
DA:1,4
DA:2,4
LF:2
LH:2
BRDA:1,0,0,4
BRDA:1,0,1,4
BRF:2
BRH:2
end_of_record
